
{
	gl.supports_vertex_array_object: true
	cocos2d.x.version: quick-cocos2d-x 3.3
	gl.vendor: Intel Inc.
	gl.supports_PVRTC: false
	gl.renderer: Intel HD Graphics 3000 OpenGL Engine
	cocos2d.x.compiled_with_profiler: false
	gl.max_texture_size: 8192
	gl.supports_ETC1: false
	gl.supports_BGRA8888: false
	cocos2d.x.build_type: DEBUG
	gl.supports_discard_framebuffer: false
	gl.supports_NPOT: true
	gl.supports_S3TC: true
	gl.version: 2.1 INTEL-10.0.19
	gl.supports_ATITC: false
	gl.max_texture_units: 16
	cocos2d.x.compiled_with_gl_state_cache: true
}


Quick-Cocos2d-x C++ support ready.
------------------------------------------------
LOAD LUA FILE: /Users/mac/design/cocos2d-x/quick-3.3/quick/samples/ccsloader/src/main.lua
------------------------------------------------
[LUA-print] ===========================================================
[LUA-print]               LOAD QUICK FRAMEWORK
[LUA-print] ===========================================================
[LUA-print] [INFO] 
[LUA-print] [INFO] # DEBUG                        = 1
[LUA-print] [INFO] #
[LUA-print] [INFO] # device.platform              = mac
[LUA-print] [INFO] # device.model                 = unknown
[LUA-print] [INFO] # device.language              = cn
[LUA-print] [INFO] # device.writablePath          = /Users/mac/design/cocos2d-x/quick-3.3/quick/samples/ccsloader/
[LUA-print] [INFO] # device.directorySeparator    = /
[LUA-print] [INFO] # device.pathSeparator         = :
[LUA-print] [INFO] #
libpng warning: iCCP: known incorrect sRGB profile
[LUA-print] [INFO] # CONFIG_SCREEN_AUTOSCALE      = FIXED_WIDTH
[LUA-print] [INFO] # CONFIG_SCREEN_WIDTH          = 960.00
[LUA-print] [INFO] # CONFIG_SCREEN_HEIGHT         = 640.00
[LUA-print] [INFO] # display.widthInPixels        = 960.00
[LUA-print] [INFO] # display.heightInPixels       = 640.00
[LUA-print] [INFO] # display.contentScaleFactor   = 1.00
[LUA-print] [INFO] # display.width                = 960.00
[LUA-print] [INFO] # display.height               = 640.00
[LUA-print] [INFO] # display.cx                   = 480.00
[LUA-print] [INFO] # display.cy                   = 320.00
[LUA-print] [INFO] # display.left                 = 0.00
[LUA-print] [INFO] # display.right                = 960.00
[LUA-print] [INFO] # display.top                  = 640.00
[LUA-print] [INFO] # display.bottom               = 0.00
[LUA-print] [INFO] # display.c_left               = -480.00
[LUA-print] [INFO] # display.c_right              = 480.00
[LUA-print] [INFO] # display.c_top                = 320.00
[LUA-print] [INFO] # display.c_bottom             = -320.00
[LUA-print] [INFO] #
cocos2d: padding: 0,0,0,0
libpng warning: iCCP: known incorrect sRGB profile
cocos2d: padding: 0,0,0,0
libpng warning: iCCP: known incorrect sRGB profile
cocos2d: padding: 0,0,0,0
libpng warning: iCCP: known incorrect sRGB profile
cocos2d: padding: 0,0,0,0
libpng warning: iCCP: known incorrect sRGB profile
cocos2d: padding: 0,0,0,0
libpng warning: iCCP: known incorrect sRGB profile
cocos2d: padding: 0,0,0,0
libpng warning: iCCP: known incorrect sRGB profile
cocos2d: padding: 0,0,0,0
libpng warning: iCCP: known incorrect sRGB profile
cocos2d: padding: 0,0,0,0
libpng warning: iCCP: known incorrect sRGB profile
cocos2d: padding: 0,0,0,0
libpng warning: iCCP: known incorrect sRGB profile
[LUA-print] CCSSceneLoader - not support classname:CCBackgroundAudio
libpng warning: iCCP: known incorrect sRGB profile
[LUA-print] CCSSceneLoader - not support classname:CCBackgroundAudio
libpng warning: iCCP: known incorrect sRGB profile
libpng warning: iCCP: known incorrect sRGB profile
libpng warning: iCCP: known incorrect sRGB profile
libpng warning: iCCP: known incorrect sRGB profile
libpng warning: iCCP: known incorrect sRGB profile
libpng warning: iCCP: known incorrect sRGB profile
libpng warning: iCCP: known incorrect sRGB profile
libpng warning: iCCP: known incorrect sRGB profile
libpng warning: iCCP: known incorrect sRGB profile
libpng warning: iCCP: known incorrect sRGB profile
libpng warning: iCCP: known incorrect sRGB profile
libpng warning: iCCP: known incorrect sRGB profile
libpng warning: iCCP: known incorrect sRGB profile
libpng warning: iCCP: known incorrect sRGB profile
libpng warning: iCCP: known incorrect sRGB profile
libpng warning: iCCP: known incorrect sRGB profile
libpng warning: iCCP: known incorrect sRGB profile
libpng warning: iCCP: known incorrect sRGB profile
libpng warning: iCCP: known incorrect sRGB profile
Get data from file(particle/particleTexture.png) failed!
libpng warning: iCCP: profile 'ICC Profile': 1000000h: invalid rendering intent
textureSize = 0
classname = Node
size = 3
classname = ProjectNode
filePath = BattleTop.csb
textureSize = 0
classname = Node
size = 1
classname = Panel
callBackName  cannot be found
size = 1
classname = Panel
callBackName  cannot be found
size = 7
classname = Button
callBackName  cannot be found
size = 0
child = 0x7f8b8b8b6e00
classname = Button
callBackName  cannot be found
size = 0
child = 0x7f8b8b94ac00
classname = ImageView
callBackName  cannot be found
size = 2
classname = TextAtlas
callBackName  cannot be found
size = 0
child = 0x7f8b8c88c600
classname = ImageView
callBackName  cannot be found
size = 0
child = 0x7f8b8c155800
child = 0x7f8b8b902a00
classname = ImageView
callBackName  cannot be found
size = 2
classname = Text
callBackName  cannot be found
size = 0
child = 0x7f8b8b976a00
classname = ImageView
callBackName  cannot be found
size = 1
classname = Text
callBackName  cannot be found
size = 0
child = 0x7f8b8d120e00
child = 0x7f8b8c8c0800
child = 0x7f8b8b874000
classname = ImageView
callBackName  cannot be found
size = 2
classname = TextAtlas
callBackName  cannot be found
size = 0
child = 0x7f8b8d112600
classname = ImageView
libpng warning: iCCP: known incorrect sRGB profile
callBackName  cannot be found
size = 0
child = 0x7f8b8d158000
child = 0x7f8b8d133e00
classname = ImageView
libpng warning: iCCP: known incorrect sRGB profile
callBackName  cannot be found
size = 2
classname = ImageView
callBackName  cannot be found
size = 0
child = 0x7f8b8b977000
classname = TextAtlas
callBackName  cannot be found
size = 0
child = 0x7f8b8c16d000
child = 0x7f8b8d12c000
classname = ImageView
callBackName  cannot be found
size = 2
classname = ImageView
callBackName  cannot be found
size = 0
child = 0x7f8b8c065a00
classname = TextAtlas
callBackName  cannot be found
size = 0
child = 0x7f8b8d12fc00
child = 0x7f8b8c04c000
child = 0x7f8b8c0c8000
child = 0x7f8b8c1b7600
size = 0
child = 0x7f8b8b59efc0
classname = ProjectNode
filePath = Battle.csb
textureSize = 0
classname = Node
size = 3
classname = Panel
callBackName  cannot be found
size = 1
classname = Panel
callBackName  cannot be found
size = 1
classname = GameMap
cocos2d: SpriteBatchNode: resizing TextureAtlas capacity from [9] to [13].
cocos2d: SpriteBatchNode: resizing TextureAtlas capacity from [13] to [18].
cocos2d: SpriteBatchNode: resizing TextureAtlas capacity from [18] to [25].
size = 0
child = 0x7f8b8b56f2d0
child = 0x7f8b8c163c00
child = 0x7f8b8c11d800
classname = ProjectNode
filePath = generalshark.csb
textureSize = 0
classname = Node
size = 43
classname = SingleNode
size = 1
classname = Sprite
size = 0
child = 0x7f8b8b9a1c00
child = 0x7f8b8dc15960
classname = SingleNode
size = 1
classname = Sprite
size = 0
child = 0x7f8b8b95ae00
child = 0x7f8b8dc14ad0
classname = SingleNode
size = 1
classname = Sprite
size = 0
child = 0x7f8b8c0cca00
child = 0x7f8b8b57ae70
classname = SingleNode
size = 1
classname = Sprite
size = 0
child = 0x7f8b8c0cd000
child = 0x7f8b8b572b20
classname = SingleNode
size = 1
classname = Sprite
size = 0
child = 0x7f8b8b95b400
child = 0x7f8b8dc09620
classname = SingleNode
size = 1
classname = Sprite
size = 0
child = 0x7f8b8b95ba00
child = 0x7f8b8dc37cb0
classname = SingleNode
size = 1
classname = Sprite
size = 0
child = 0x7f8b8b987800
child = 0x7f8b8dc03fe0
classname = SingleNode
size = 1
classname = Sprite
size = 0
child = 0x7f8b8d119800
child = 0x7f8b8b660840
classname = SingleNode
size = 1
classname = Sprite
size = 0
child = 0x7f8b8b875e00
child = 0x7f8b8b4fa290
classname = SingleNode
size = 1
classname = Sprite
size = 0
child = 0x7f8b8b8f2400
child = 0x7f8b8dc42980
classname = SingleNode
size = 1
classname = Sprite
size = 0
child = 0x7f8b8d0ee200
child = 0x7f8b8b678640
classname = SingleNode
size = 1
classname = Sprite
size = 0
child = 0x7f8b8d118800
child = 0x7f8b8b668520
classname = SingleNode
size = 1
classname = Sprite
size = 0
child = 0x7f8b8d124000
child = 0x7f8b8b681780
classname = SingleNode
size = 1
classname = Sprite
size = 0
child = 0x7f8b8c83e000
child = 0x7f8b8b759940
classname = SingleNode
size = 1
classname = Sprite
size = 0
child = 0x7f8b8b8f2a00
child = 0x7f8b8dc42cb0
classname = SingleNode
size = 1
classname = Sprite
size = 0
child = 0x7f8b8c14f200
child = 0x7f8b8b56c9c0
classname = SingleNode
size = 1
classname = Sprite
size = 0
child = 0x7f8b8b876400
child = 0x7f8b8dc42fe0
classname = SingleNode
size = 1
classname = Sprite
size = 0
child = 0x7f8b8b876a00
child = 0x7f8b8dc43310
classname = SingleNode
size = 1
classname = Sprite
size = 0
child = 0x7f8b8b903800
child = 0x7f8b8dc43640
classname = SingleNode
size = 1
classname = Sprite
size = 0
child = 0x7f8b8c14f800
child = 0x7f8b8b56a820
classname = SingleNode
size = 1
classname = Sprite
size = 0
child = 0x7f8b8c170200
child = 0x7f8b8b530bf0
classname = SingleNode
size = 1
classname = Sprite
size = 0
child = 0x7f8b8c864600
child = 0x7f8b8b75e4b0
classname = SingleNode
size = 4
classname = Sprite
size = 0
child = 0x7f8b8b903e00
classname = Sprite
size = 0
child = 0x7f8b8c170800
classname = Sprite
size = 0
child = 0x7f8b8b904400
classname = Sprite
size = 0
child = 0x7f8b8b94e400
child = 0x7f8b8dc43970
classname = SingleNode
size = 1
classname = Sprite
size = 0
child = 0x7f8b8c88a800
child = 0x7f8b8b75c490
classname = SingleNode
size = 1
classname = Sprite
size = 0
child = 0x7f8b8c173c00
child = 0x7f8b8b52e880
classname = SingleNode
size = 1
classname = Sprite
size = 0
child = 0x7f8b8c174200
child = 0x7f8b8b52e410
classname = SingleNode
size = 1
classname = Sprite
size = 0
child = 0x7f8b8c16e000
child = 0x7f8b8b58f3b0
classname = SingleNode
size = 1
classname = Sprite
size = 0
child = 0x7f8b8c16e600
child = 0x7f8b8b529fd0
classname = SingleNode
size = 1
classname = Sprite
size = 0
child = 0x7f8b8c0cee00
child = 0x7f8b8b59e010
classname = SingleNode
size = 1
classname = Sprite
size = 0
child = 0x7f8b8c0cf400
child = 0x7f8b8b595db0
classname = SingleNode
size = 1
classname = Sprite
size = 0
child = 0x7f8b8c08a000
child = 0x7f8b8b59b950
classname = SingleNode
size = 1
classname = Sprite
size = 0
child = 0x7f8b8c08a600
child = 0x7f8b8b59a0e0
classname = SingleNode
size = 1
classname = Sprite
size = 0
child = 0x7f8b8c186200
child = 0x7f8b8b598870
classname = SingleNode
size = 1
classname = Sprite
size = 0
child = 0x7f8b8c186800
child = 0x7f8b8b596220
classname = SingleNode
size = 1
classname = Sprite
size = 0
child = 0x7f8b8c186e00
child = 0x7f8b8b537c60
classname = SingleNode
size = 1
classname = Sprite
size = 0
child = 0x7f8b8c116800
child = 0x7f8b8b59f7f0
classname = SingleNode
size = 1
classname = Sprite
size = 0
child = 0x7f8b8c88ae00
child = 0x7f8b8b75c020
classname = SingleNode
size = 1
classname = Sprite
size = 0
child = 0x7f8b8c897000
child = 0x7f8b8b75bbb0
classname = SingleNode
size = 1
classname = Sprite
size = 0
child = 0x7f8b8c897600
child = 0x7f8b8b726de0
classname = SingleNode
size = 1
classname = Sprite
size = 0
child = 0x7f8b8c897c00
child = 0x7f8b8b7360c0
classname = SingleNode
size = 1
classname = Sprite
size = 0
child = 0x7f8b8c8bd400
child = 0x7f8b8b731010
classname = SingleNode
size = 0
child = 0x7f8b8b733210
classname = SingleNode
size = 0
child = 0x7f8b8b735910
frameType = VisibleFrame
visible = 1
frameType = AnchorPointFrame
frameType = PositionFrame
frameType = ScaleFrame
frameType = RotationSkewFrame
frameType = VisibleFrame
visible = 1
frameType = AnchorPointFrame
frameType = PositionFrame
frameType = ScaleFrame
frameType = RotationSkewFrame
frameType = VisibleFrame
visible = 1
frameType = AnchorPointFrame
frameType = PositionFrame
frameType = ScaleFrame
frameType = RotationSkewFrame
frameType = VisibleFrame
visible = 1
frameType = AnchorPointFrame
frameType = PositionFrame
frameType = ScaleFrame
frameType = RotationSkewFrame
frameType = VisibleFrame
visible = 1
frameType = AnchorPointFrame
frameType = PositionFrame
frameType = ScaleFrame
frameType = RotationSkewFrame
frameType = VisibleFrame
visible = 1
frameType = AnchorPointFrame
frameType = PositionFrame
frameType = ScaleFrame
frameType = RotationSkewFrame
frameType = VisibleFrame
visible = 1
frameType = AnchorPointFrame
frameType = PositionFrame
frameType = ScaleFrame
frameType = RotationSkewFrame
frameType = VisibleFrame
visible = 1
frameType = AnchorPointFrame
frameType = PositionFrame
frameType = ScaleFrame
frameType = RotationSkewFrame
frameType = VisibleFrame
visible = 1
frameType = AnchorPointFrame
frameType = PositionFrame
frameType = ScaleFrame
frameType = RotationSkewFrame
frameType = VisibleFrame
visible = 1
frameType = AnchorPointFrame
frameType = PositionFrame
frameType = ScaleFrame
frameType = RotationSkewFrame
frameType = VisibleFrame
visible = 1
frameType = AnchorPointFrame
frameType = PositionFrame
frameType = ScaleFrame
frameType = RotationSkewFrame
frameType = VisibleFrame
visible = 1
frameType = AnchorPointFrame
frameType = PositionFrame
frameType = ScaleFrame
frameType = RotationSkewFrame
frameType = VisibleFrame
visible = 1
frameType = AnchorPointFrame
frameType = PositionFrame
frameType = ScaleFrame
frameType = RotationSkewFrame
frameType = VisibleFrame
visible = 1
visible = 0
visible = 1
visible = 0
visible = 1
frameType = AnchorPointFrame
frameType = PositionFrame
frameType = ScaleFrame
frameType = RotationSkewFrame
frameType = VisibleFrame
visible = 1
visible = 0
visible = 1
visible = 0
visible = 1
frameType = AnchorPointFrame
frameType = PositionFrame
frameType = ScaleFrame
frameType = RotationSkewFrame
frameType = VisibleFrame
visible = 1
visible = 0
visible = 1
visible = 0
visible = 1
frameType = AnchorPointFrame
frameType = PositionFrame
frameType = ScaleFrame
frameType = RotationSkewFrame
frameType = VisibleFrame
visible = 0
visible = 1
visible = 0
visible = 1
visible = 0
frameType = AnchorPointFrame
frameType = PositionFrame
frameType = ScaleFrame
frameType = RotationSkewFrame
frameType = VisibleFrame
visible = 0
visible = 1
visible = 0
visible = 1
visible = 0
frameType = AnchorPointFrame
frameType = PositionFrame
frameType = ScaleFrame
frameType = RotationSkewFrame
frameType = VisibleFrame
visible = 0
visible = 1
visible = 0
visible = 1
visible = 0
frameType = AnchorPointFrame
frameType = PositionFrame
frameType = ScaleFrame
frameType = RotationSkewFrame
frameType = VisibleFrame
visible = 1
frameType = AnchorPointFrame
frameType = PositionFrame
frameType = ScaleFrame
frameType = RotationSkewFrame
frameType = VisibleFrame
visible = 1
frameType = AnchorPointFrame
frameType = PositionFrame
frameType = ScaleFrame
frameType = RotationSkewFrame
frameType = VisibleFrame
visible = 0
visible = 1
visible = 0
frameType = AnchorPointFrame
frameType = PositionFrame
frameType = ScaleFrame
frameType = RotationSkewFrame
frameType = VisibleFrame
visible = 0
visible = 1
visible = 0
frameType = AnchorPointFrame
frameType = VisibleFrame
visible = 0
visible = 1
visible = 0
frameType = AnchorPointFrame
frameType = VisibleFrame
visible = 0
visible = 1
visible = 0
frameType = AnchorPointFrame
frameType = VisibleFrame
visible = 0
visible = 1
visible = 0
frameType = AnchorPointFrame
frameType = PositionFrame
frameType = ScaleFrame
frameType = RotationSkewFrame
frameType = VisibleFrame
visible = 0
visible = 1
visible = 0
frameType = AnchorPointFrame
frameType = PositionFrame
frameType = ScaleFrame
frameType = RotationSkewFrame
frameType = VisibleFrame
visible = 0
visible = 1
visible = 0
frameType = AnchorPointFrame
frameType = PositionFrame
frameType = ScaleFrame
frameType = RotationSkewFrame
frameType = VisibleFrame
visible = 0
visible = 1
visible = 0
frameType = AnchorPointFrame
frameType = PositionFrame
frameType = ScaleFrame
frameType = RotationSkewFrame
frameType = VisibleFrame
visible = 0
visible = 1
visible = 0
frameType = AnchorPointFrame
frameType = PositionFrame
frameType = ScaleFrame
frameType = RotationSkewFrame
frameType = VisibleFrame
visible = 0
visible = 1
visible = 0
frameType = AnchorPointFrame
frameType = PositionFrame
frameType = ScaleFrame
frameType = RotationSkewFrame
frameType = VisibleFrame
visible = 0
visible = 1
visible = 0
frameType = AnchorPointFrame
frameType = PositionFrame
frameType = ScaleFrame
frameType = RotationSkewFrame
frameType = VisibleFrame
visible = 0
visible = 1
visible = 0
frameType = AnchorPointFrame
frameType = PositionFrame
frameType = ScaleFrame
frameType = RotationSkewFrame
frameType = VisibleFrame
visible = 0
visible = 1
visible = 0
frameType = AnchorPointFrame
frameType = PositionFrame
frameType = ScaleFrame
frameType = RotationSkewFrame
frameType = VisibleFrame
visible = 0
visible = 1
visible = 0
frameType = AnchorPointFrame
frameType = PositionFrame
frameType = ScaleFrame
frameType = RotationSkewFrame
frameType = VisibleFrame
visible = 0
visible = 1
visible = 0
frameType = AnchorPointFrame
frameType = PositionFrame
frameType = ScaleFrame
frameType = RotationSkewFrame
frameType = VisibleFrame
visible = 0
visible = 1
visible = 0
frameType = AnchorPointFrame
frameType = PositionFrame
frameType = ScaleFrame
frameType = RotationSkewFrame
frameType = VisibleFrame
visible = 0
visible = 1
visible = 0
frameType = AnchorPointFrame
frameType = PositionFrame
frameType = ScaleFrame
frameType = RotationSkewFrame
frameType = VisibleFrame
visible = 0
visible = 1
visible = 0
frameType = AnchorPointFrame
frameType = PositionFrame
frameType = ScaleFrame
frameType = RotationSkewFrame
frameType = VisibleFrame
visible = 0
visible = 1
visible = 0
frameType = AnchorPointFrame
frameType = PositionFrame
frameType = ScaleFrame
frameType = RotationSkewFrame
frameType = VisibleFrame
visible = 0
visible = 1
visible = 0
frameType = AnchorPointFrame
frameType = PositionFrame
frameType = ScaleFrame
frameType = RotationSkewFrame
frameType = VisibleFrame
visible = 0
visible = 1
visible = 0
frameType = AnchorPointFrame
frameType = PositionFrame
frameType = ScaleFrame
frameType = RotationSkewFrame
frameType = VisibleFrame
visible = 0
visible = 1
visible = 0
frameType = AnchorPointFrame
frameType = PositionFrame
frameType = ScaleFrame
frameType = RotationSkewFrame
frameType = VisibleFrame
visible = 0
visible = 1
visible = 0
frameType = AnchorPointFrame
frameType = PositionFrame
frameType = ScaleFrame
frameType = RotationSkewFrame
size = 1
classname = Sprite
size = 2
classname = Sprite
size = 0
child = 0x7f8b8d118e00
classname = LoadingBar
callBackName  cannot be found
size = 0
child = 0x7f8b8b9be800
child = 0x7f8b8c1b8a00
child = 0x7f8b8dc16930
classname = ProjectNode
filePath = tentacle.csb
textureSize = 0
classname = Node
size = 27
classname = SingleNode
size = 1
classname = Sprite
size = 0
child = 0x7f8b8c187e00
child = 0x7f8b8b5a7500
classname = SingleNode
size = 1
classname = Sprite
size = 0
child = 0x7f8b8d138400
child = 0x7f8b8b681ab0
classname = SingleNode
size = 1
classname = Sprite
size = 0
child = 0x7f8b8c845a00
child = 0x7f8b8b72fd10
classname = SingleNode
size = 1
classname = Sprite
size = 0
child = 0x7f8b8b900c00
child = 0x7f8b8dc139e0
classname = SingleNode
size = 1
classname = Sprite
size = 0
child = 0x7f8b8c1b9000
child = 0x7f8b8b5a7830
classname = SingleNode
size = 1
classname = Sprite
size = 0
child = 0x7f8b8b8a2400
child = 0x7f8b8dc43ca0
classname = SingleNode
size = 1
classname = Sprite
size = 0
child = 0x7f8b8c847000
child = 0x7f8b8b730040
classname = SingleNode
size = 1
classname = Sprite
size = 0
child = 0x7f8b8c847600
child = 0x7f8b8b730370
classname = SingleNode
size = 1
classname = Sprite
size = 0
child = 0x7f8b8c1b9600
child = 0x7f8b8b5a7b60
classname = SingleNode
size = 1
classname = Sprite
size = 0
child = 0x7f8b8d138a00
child = 0x7f8b8b681de0
classname = SingleNode
size = 1
classname = Sprite
size = 0
child = 0x7f8b8b8a1600
child = 0x7f8b8dc43fd0
classname = SingleNode
size = 1
classname = Sprite
size = 0
child = 0x7f8b8c1b9c00
child = 0x7f8b8b5a7e90
classname = SingleNode
size = 1
classname = Sprite
size = 0
child = 0x7f8b8d123800
child = 0x7f8b8b682110
classname = SingleNode
size = 1
classname = Sprite
size = 0
child = 0x7f8b8c188400
child = 0x7f8b8b5a81c0
classname = SingleNode
size = 1
classname = Sprite
size = 0
child = 0x7f8b8c188a00
child = 0x7f8b8b57c990
classname = SingleNode
size = 1
classname = Sprite
size = 0
child = 0x7f8b8b8a1c00
child = 0x7f8b8dc44300
classname = SingleNode
size = 1
classname = Sprite
size = 0
child = 0x7f8b8c847c00
child = 0x7f8b8b7306a0
classname = SingleNode
size = 1
classname = Sprite
size = 0
child = 0x7f8b8c189000
child = 0x7f8b8b5a5170
classname = SingleNode
size = 1
classname = Sprite
size = 0
child = 0x7f8b8b901200
child = 0x7f8b8dc44630
classname = SingleNode
size = 1
classname = Sprite
size = 0
child = 0x7f8b8c0bf400
child = 0x7f8b8b5a54a0
classname = SingleNode
size = 1
classname = Sprite
size = 0
child = 0x7f8b8b987200
child = 0x7f8b8dc44960
classname = SingleNode
size = 1
classname = Sprite
size = 0
child = 0x7f8b8b901800
child = 0x7f8b8dc44c90
classname = SingleNode
size = 1
classname = Sprite
size = 0
child = 0x7f8b8b89d800
child = 0x7f8b8dc44fc0
classname = SingleNode
size = 1
classname = Sprite
size = 0
child = 0x7f8b8d139000
child = 0x7f8b8b682440
classname = SingleNode
size = 1
classname = Sprite
size = 0
child = 0x7f8b8b86fc00
child = 0x7f8b8dc452f0
classname = SingleNode
size = 1
classname = Sprite
size = 0
child = 0x7f8b8b89de00
child = 0x7f8b8dc45620
classname = SingleNode
size = 0
child = 0x7f8b8b5a57d0
frameType = VisibleFrame
visible = 1
frameType = AnchorPointFrame
frameType = PositionFrame
frameType = ScaleFrame
frameType = RotationSkewFrame
frameType = VisibleFrame
visible = 1
frameType = AnchorPointFrame
frameType = PositionFrame
frameType = ScaleFrame
frameType = RotationSkewFrame
frameType = VisibleFrame
visible = 1
frameType = AnchorPointFrame
frameType = PositionFrame
frameType = ScaleFrame
frameType = RotationSkewFrame
frameType = VisibleFrame
visible = 1
frameType = AnchorPointFrame
frameType = PositionFrame
frameType = ScaleFrame
frameType = RotationSkewFrame
frameType = VisibleFrame
visible = 1
frameType = AnchorPointFrame
frameType = PositionFrame
frameType = ScaleFrame
frameType = RotationSkewFrame
frameType = VisibleFrame
visible = 1
frameType = AnchorPointFrame
frameType = PositionFrame
frameType = ScaleFrame
frameType = RotationSkewFrame
frameType = VisibleFrame
visible = 1
frameType = AnchorPointFrame
frameType = PositionFrame
frameType = ScaleFrame
frameType = RotationSkewFrame
frameType = VisibleFrame
visible = 1
frameType = AnchorPointFrame
frameType = PositionFrame
frameType = ScaleFrame
frameType = RotationSkewFrame
frameType = VisibleFrame
visible = 1
frameType = AnchorPointFrame
frameType = PositionFrame
frameType = ScaleFrame
frameType = RotationSkewFrame
frameType = VisibleFrame
visible = 1
frameType = AnchorPointFrame
frameType = PositionFrame
frameType = ScaleFrame
frameType = RotationSkewFrame
frameType = VisibleFrame
visible = 1
frameType = AnchorPointFrame
frameType = PositionFrame
frameType = ScaleFrame
frameType = RotationSkewFrame
frameType = VisibleFrame
visible = 1
frameType = AnchorPointFrame
frameType = PositionFrame
frameType = ScaleFrame
frameType = RotationSkewFrame
frameType = VisibleFrame
visible = 1
frameType = AnchorPointFrame
frameType = PositionFrame
frameType = ScaleFrame
frameType = RotationSkewFrame
frameType = VisibleFrame
visible = 1
frameType = AnchorPointFrame
frameType = PositionFrame
frameType = ScaleFrame
frameType = RotationSkewFrame
frameType = VisibleFrame
visible = 1
frameType = AnchorPointFrame
frameType = PositionFrame
frameType = ScaleFrame
frameType = RotationSkewFrame
frameType = VisibleFrame
visible = 1
frameType = AnchorPointFrame
frameType = PositionFrame
frameType = ScaleFrame
frameType = RotationSkewFrame
frameType = VisibleFrame
visible = 1
frameType = AnchorPointFrame
frameType = PositionFrame
frameType = ScaleFrame
frameType = RotationSkewFrame
frameType = VisibleFrame
visible = 1
frameType = AnchorPointFrame
frameType = PositionFrame
frameType = ScaleFrame
frameType = RotationSkewFrame
frameType = VisibleFrame
visible = 1
frameType = AnchorPointFrame
frameType = PositionFrame
frameType = ScaleFrame
frameType = RotationSkewFrame
frameType = VisibleFrame
visible = 1
frameType = AnchorPointFrame
frameType = PositionFrame
frameType = ScaleFrame
frameType = RotationSkewFrame
frameType = VisibleFrame
visible = 1
frameType = AnchorPointFrame
frameType = PositionFrame
frameType = ScaleFrame
frameType = RotationSkewFrame
frameType = VisibleFrame
visible = 1
frameType = AnchorPointFrame
frameType = PositionFrame
frameType = ScaleFrame
frameType = RotationSkewFrame
frameType = VisibleFrame
visible = 1
frameType = AnchorPointFrame
frameType = PositionFrame
frameType = ScaleFrame
frameType = RotationSkewFrame
frameType = VisibleFrame
visible = 1
frameType = AnchorPointFrame
frameType = PositionFrame
frameType = ScaleFrame
frameType = RotationSkewFrame
frameType = VisibleFrame
visible = 1
frameType = AnchorPointFrame
frameType = PositionFrame
frameType = ScaleFrame
frameType = RotationSkewFrame
frameType = VisibleFrame
visible = 1
frameType = AnchorPointFrame
frameType = PositionFrame
frameType = ScaleFrame
frameType = RotationSkewFrame
size = 1
classname = Sprite
size = 2
classname = Sprite
size = 0
child = 0x7f8b8c0bfa00
classname = LoadingBar
callBackName  cannot be found
size = 0
child = 0x7f8b8c0c0000
child = 0x7f8b8c0c2c00
child = 0x7f8b8b5a71d0
size = 0
child = 0x7f8b8b579570
classname = ProjectNode
filePath = BattleBottom.csb
textureSize = 0
classname = Node
size = 1
classname = Panel
callBackName  cannot be found
size = 1
classname = Panel
callBackName  cannot be found
size = 1
classname = Sprite
size = 5
classname = Panel
callBackName  cannot be found
size = 2
classname = ProjectNode
filePath = captain_jack.csb
textureSize = 0
classname = Node
size = 20
classname = SingleNode
size = 1
classname = Sprite
size = 0
child = 0x7f8b8b89e400
child = 0x7f8b8dc4af00
classname = SingleNode
size = 1
classname = Sprite
size = 0
child = 0x7f8b8b86ea00
child = 0x7f8b8dc4b230
classname = SingleNode
size = 1
classname = Sprite
size = 0
child = 0x7f8b8c87f200
child = 0x7f8b8b7309d0
classname = SingleNode
size = 1
classname = Sprite
size = 0
child = 0x7f8b8c1efc00
child = 0x7f8b8b5a5e30
classname = SingleNode
size = 1
classname = Sprite
size = 0
child = 0x7f8b8c157600
child = 0x7f8b8b535810
classname = SingleNode
size = 1
classname = Sprite
size = 0
child = 0x7f8b8c157c00
child = 0x7f8b8b52dbb0
classname = SingleNode
size = 1
classname = Sprite
size = 0
child = 0x7f8b8c158200
child = 0x7f8b8b52dee0
classname = SingleNode
size = 1
classname = Sprite
size = 0
child = 0x7f8b8d139600
child = 0x7f8b8b682770
classname = SingleNode
size = 1
classname = Sprite
size = 0
child = 0x7f8b8c1bc000
child = 0x7f8b8b595530
classname = SingleNode
size = 1
classname = Sprite
size = 0
child = 0x7f8b8d107c00
child = 0x7f8b8b66cfa0
classname = SingleNode
size = 1
classname = Sprite
size = 0
child = 0x7f8b8d109200
child = 0x7f8b8b66d2d0
classname = SingleNode
size = 1
classname = Sprite
size = 0
child = 0x7f8b8d108200
child = 0x7f8b8b6677e0
classname = SingleNode
size = 1
classname = Sprite
size = 0
child = 0x7f8b8b9b2800
child = 0x7f8b8dc4b560
classname = SingleNode
size = 1
classname = Sprite
size = 0
child = 0x7f8b8c1bc600
child = 0x7f8b8b595860
classname = SingleNode
size = 1
classname = Sprite
size = 0
child = 0x7f8b8b99f800
child = 0x7f8b8dc4b890
classname = SingleNode
size = 1
classname = Sprite
size = 0
child = 0x7f8b8b99fe00
child = 0x7f8b8dc4bbc0
classname = SingleNode
size = 1
classname = Sprite
size = 0
child = 0x7f8b8b9a0400
child = 0x7f8b8dc4bf40
classname = SingleNode
size = 3
classname = Sprite
size = 0
child = 0x7f8b8b8b2800
classname = Sprite
size = 0
child = 0x7f8b8b8b2e00
classname = Sprite
size = 0
child = 0x7f8b8b8b3400
child = 0x7f8b8dc4c270
classname = SingleNode
size = 12
classname = Sprite
size = 0
child = 0x7f8b8d108800
classname = Sprite
size = 0
child = 0x7f8b8c846000
classname = Sprite
size = 0
child = 0x7f8b8c846600
classname = Sprite
size = 0
child = 0x7f8b8c880400
classname = Sprite
size = 0
child = 0x7f8b8c154400
classname = Sprite
size = 0
child = 0x7f8b8d115800
classname = Sprite
size = 0
child = 0x7f8b8b8b4000
classname = Sprite
size = 0
child = 0x7f8b8b8b4600
classname = Sprite
size = 0
child = 0x7f8b8b8b5400
classname = Sprite
size = 0
child = 0x7f8b8b9b8600
classname = Sprite
size = 0
child = 0x7f8b8c153400
classname = Sprite
size = 0
child = 0x7f8b8c153a00
child = 0x7f8b8b667b10
classname = SingleNode
size = 0
child = 0x7f8b8b5a8680
frameType = VisibleFrame
visible = 1
frameType = AnchorPointFrame
frameType = PositionFrame
frameType = ScaleFrame
frameType = RotationSkewFrame
frameType = VisibleFrame
visible = 1
frameType = AnchorPointFrame
frameType = PositionFrame
frameType = ScaleFrame
frameType = RotationSkewFrame
frameType = VisibleFrame
visible = 1
frameType = AnchorPointFrame
frameType = PositionFrame
frameType = ScaleFrame
frameType = RotationSkewFrame
frameType = VisibleFrame
visible = 1
frameType = AnchorPointFrame
frameType = PositionFrame
frameType = ScaleFrame
frameType = RotationSkewFrame
frameType = VisibleFrame
visible = 1
frameType = AnchorPointFrame
frameType = PositionFrame
frameType = ScaleFrame
frameType = RotationSkewFrame
frameType = VisibleFrame
visible = 1
frameType = AnchorPointFrame
frameType = PositionFrame
frameType = ScaleFrame
frameType = RotationSkewFrame
frameType = VisibleFrame
visible = 1
frameType = AnchorPointFrame
frameType = PositionFrame
frameType = ScaleFrame
frameType = RotationSkewFrame
frameType = VisibleFrame
visible = 1
frameType = AnchorPointFrame
frameType = PositionFrame
frameType = ScaleFrame
frameType = RotationSkewFrame
frameType = VisibleFrame
visible = 1
frameType = AnchorPointFrame
frameType = PositionFrame
frameType = ScaleFrame
frameType = RotationSkewFrame
frameType = VisibleFrame
visible = 1
frameType = AnchorPointFrame
frameType = PositionFrame
frameType = ScaleFrame
frameType = RotationSkewFrame
frameType = VisibleFrame
visible = 1
frameType = AnchorPointFrame
frameType = PositionFrame
frameType = ScaleFrame
frameType = RotationSkewFrame
frameType = VisibleFrame
visible = 1
frameType = AnchorPointFrame
frameType = PositionFrame
frameType = ScaleFrame
frameType = RotationSkewFrame
frameType = VisibleFrame
visible = 1
frameType = AnchorPointFrame
frameType = PositionFrame
frameType = ScaleFrame
frameType = RotationSkewFrame
frameType = VisibleFrame
visible = 1
frameType = AnchorPointFrame
frameType = PositionFrame
frameType = ScaleFrame
frameType = RotationSkewFrame
frameType = VisibleFrame
visible = 1
frameType = AnchorPointFrame
frameType = PositionFrame
frameType = ScaleFrame
frameType = RotationSkewFrame
frameType = VisibleFrame
visible = 1
frameType = AnchorPointFrame
frameType = PositionFrame
frameType = ScaleFrame
frameType = RotationSkewFrame
frameType = VisibleFrame
visible = 1
frameType = AnchorPointFrame
frameType = PositionFrame
frameType = ScaleFrame
frameType = RotationSkewFrame
frameType = VisibleFrame
visible = 0
visible = 1
visible = 0
frameType = VisibleFrame
visible = 0
visible = 1
visible = 0
frameType = VisibleFrame
visible = 0
visible = 1
visible = 0
frameType = AnchorPointFrame
frameType = PositionFrame
frameType = ScaleFrame
frameType = RotationSkewFrame
frameType = VisibleFrame
visible = 0
visible = 1
visible = 0
frameType = AnchorPointFrame
frameType = VisibleFrame
visible = 0
visible = 1
visible = 0
frameType = AnchorPointFrame
frameType = VisibleFrame
visible = 0
visible = 1
visible = 0
frameType = AnchorPointFrame
frameType = VisibleFrame
visible = 0
visible = 1
visible = 0
frameType = AnchorPointFrame
frameType = VisibleFrame
visible = 0
visible = 1
visible = 0
visible = 1
visible = 0
frameType = AnchorPointFrame
frameType = VisibleFrame
visible = 0
visible = 1
visible = 0
visible = 1
visible = 0
frameType = AnchorPointFrame
frameType = VisibleFrame
visible = 0
visible = 1
visible = 0
frameType = VisibleFrame
visible = 0
visible = 1
visible = 0
visible = 1
visible = 0
visible = 1
visible = 0
frameType = AnchorPointFrame
frameType = VisibleFrame
visible = 0
visible = 1
visible = 0
frameType = VisibleFrame
visible = 0
visible = 1
visible = 0
visible = 1
visible = 0
frameType = AnchorPointFrame
frameType = VisibleFrame
visible = 0
visible = 1
visible = 0
frameType = VisibleFrame
visible = 0
visible = 1
frameType = AnchorPointFrame
frameType = PositionFrame
frameType = ScaleFrame
frameType = RotationSkewFrame
size = 0
child = 0x7f8b8dc45950
classname = Sprite
size = 2
classname = TextAtlas
callBackName  cannot be found
size = 0
child = 0x7f8b8c136000
classname = LoadingBar
callBackName  cannot be found
size = 1
classname = TextAtlas
callBackName  cannot be found
size = 0
child = 0x7f8b8c87ca00
child = 0x7f8b8c1bdc00
child = 0x7f8b8c135a00
child = 0x7f8b8c89de00
classname = Panel
callBackName  cannot be found
size = 2
classname = ProjectNode
filePath = huchey.csb
textureSize = 0
classname = Node
size = 30
classname = SingleNode
size = 1
classname = Sprite
size = 0
child = 0x7f8b8b9b8c00
child = 0x7f8b8dc4c8d0
classname = SingleNode
size = 1
classname = Sprite
size = 0
child = 0x7f8b8b9efe00
child = 0x7f8b8dc4cc00
classname = SingleNode
size = 1
classname = Sprite
size = 0
child = 0x7f8b8d105800
child = 0x7f8b8b66fce0
classname = SingleNode
size = 1
classname = Sprite
size = 0
child = 0x7f8b8b9b9200
child = 0x7f8b8dc4cf40
classname = SingleNode
size = 1
classname = Sprite
size = 0
child = 0x7f8b8b9b9800
child = 0x7f8b8dc4d270
classname = SingleNode
size = 1
classname = Sprite
size = 0
child = 0x7f8b8c1bee00
child = 0x7f8b8b596e10
classname = SingleNode
size = 1
classname = Sprite
size = 0
child = 0x7f8b8c1c2a00
child = 0x7f8b8b597140
classname = SingleNode
size = 1
classname = Sprite
size = 0
child = 0x7f8b8d154c00
child = 0x7f8b8b670010
classname = SingleNode
size = 1
classname = Sprite
size = 0
child = 0x7f8b8d155200
child = 0x7f8b8b670340
classname = SingleNode
size = 1
classname = Sprite
size = 0
child = 0x7f8b8c87ba00
child = 0x7f8b8b725cb0
classname = SingleNode
size = 1
classname = Sprite
size = 0
child = 0x7f8b8c1c3000
child = 0x7f8b8b5a9770
classname = SingleNode
size = 1
classname = Sprite
size = 0
child = 0x7f8b8c1c3600
child = 0x7f8b8b5a9aa0
classname = SingleNode
size = 1
classname = Sprite
size = 0
child = 0x7f8b8c87c000
child = 0x7f8b8b72de30
classname = SingleNode
size = 1
classname = Sprite
size = 0
child = 0x7f8b8c1c3c00
child = 0x7f8b8b5a9fb0
classname = SingleNode
size = 1
classname = Sprite
size = 0
child = 0x7f8b8c1c4200
child = 0x7f8b8b5aa600
classname = SingleNode
size = 1
classname = Sprite
size = 0
child = 0x7f8b8c1c4800
child = 0x7f8b8b5aa930
classname = SingleNode
size = 1
classname = Sprite
size = 0
child = 0x7f8b8b87c600
child = 0x7f8b8dc4d5a0
classname = SingleNode
size = 1
classname = Sprite
size = 0
child = 0x7f8b8b87cc00
child = 0x7f8b8dc4d8d0
classname = SingleNode
size = 1
classname = Sprite
size = 0
child = 0x7f8b8c1ef400
child = 0x7f8b8b5aac60
classname = SingleNode
size = 1
classname = Sprite
size = 0
child = 0x7f8b8b87d200
child = 0x7f8b8dc4dc00
classname = SingleNode
size = 1
classname = Sprite
size = 0
child = 0x7f8b8c18c600
child = 0x7f8b8b5aaf90
classname = SingleNode
size = 1
classname = Sprite
size = 0
child = 0x7f8b8c134a00
child = 0x7f8b8b5ab2c0
classname = SingleNode
size = 1
classname = Sprite
size = 0
child = 0x7f8b8c88d400
child = 0x7f8b8b72e160
classname = SingleNode
size = 1
classname = Sprite
size = 0
child = 0x7f8b8d10f800
child = 0x7f8b8b670670
classname = SingleNode
size = 3
classname = Sprite
size = 0
child = 0x7f8b8d10fe00
classname = Sprite
size = 0
child = 0x7f8b8d110400
classname = Sprite
size = 0
child = 0x7f8b8b87d800
child = 0x7f8b8b674620
classname = SingleNode
size = 6
classname = Sprite
size = 0
child = 0x7f8b8b8e2a00
classname = Sprite
size = 0
child = 0x7f8b8c18e400
classname = Sprite
size = 0
child = 0x7f8b8b99d400
classname = Sprite
size = 0
child = 0x7f8b8c18ea00
classname = Sprite
size = 0
child = 0x7f8b8b9d0a00
classname = Sprite
size = 0
child = 0x7f8b8d104800
child = 0x7f8b8dc4e0c0
classname = SingleNode
size = 5
classname = Sprite
size = 0
child = 0x7f8b8c18dc00
classname = Sprite
size = 0
child = 0x7f8b8b8e3000
classname = Sprite
size = 0
child = 0x7f8b8c132200
classname = Sprite
size = 0
child = 0x7f8b8c18cc00
classname = Sprite
size = 0
child = 0x7f8b8c18d200
child = 0x7f8b8b5ab910
classname = SingleNode
size = 5
classname = Sprite
size = 0
child = 0x7f8b8b9be200
classname = Sprite
size = 0
child = 0x7f8b8c132800
classname = Sprite
size = 0
child = 0x7f8b8c134000
classname = Sprite
size = 0
child = 0x7f8b8c125000
classname = Sprite
size = 0
child = 0x7f8b8d117800
child = 0x7f8b8dc4e3f0
classname = SingleNode
size = 6
classname = Sprite
size = 0
child = 0x7f8b8c125600
classname = Sprite
size = 0
child = 0x7f8b8c125c00
classname = Sprite
size = 0
child = 0x7f8b8c126200
classname = Sprite
size = 0
child = 0x7f8b8c126800
classname = Sprite
size = 0
child = 0x7f8b8b8e3600
classname = Sprite
size = 0
child = 0x7f8b8b8e3c00
child = 0x7f8b8b5abc40
classname = SingleNode
size = 0
child = 0x7f8b8b72e490
frameType = VisibleFrame
visible = 1
frameType = AnchorPointFrame
frameType = PositionFrame
frameType = ScaleFrame
frameType = RotationSkewFrame
frameType = VisibleFrame
visible = 1
visible = 0
visible = 1
frameType = AnchorPointFrame
frameType = PositionFrame
frameType = ScaleFrame
frameType = RotationSkewFrame
frameType = VisibleFrame
visible = 1
frameType = AnchorPointFrame
frameType = PositionFrame
frameType = ScaleFrame
frameType = RotationSkewFrame
frameType = VisibleFrame
visible = 1
frameType = AnchorPointFrame
frameType = PositionFrame
frameType = ScaleFrame
frameType = RotationSkewFrame
frameType = VisibleFrame
visible = 1
frameType = AnchorPointFrame
frameType = PositionFrame
frameType = ScaleFrame
frameType = RotationSkewFrame
frameType = VisibleFrame
visible = 1
frameType = AnchorPointFrame
frameType = PositionFrame
frameType = ScaleFrame
frameType = RotationSkewFrame
frameType = VisibleFrame
visible = 1
frameType = AnchorPointFrame
frameType = PositionFrame
frameType = ScaleFrame
frameType = RotationSkewFrame
frameType = VisibleFrame
visible = 1
frameType = AnchorPointFrame
frameType = PositionFrame
frameType = ScaleFrame
frameType = RotationSkewFrame
frameType = VisibleFrame
visible = 1
frameType = AnchorPointFrame
frameType = PositionFrame
frameType = ScaleFrame
frameType = RotationSkewFrame
frameType = VisibleFrame
visible = 1
frameType = AnchorPointFrame
frameType = PositionFrame
frameType = ScaleFrame
frameType = RotationSkewFrame
frameType = VisibleFrame
visible = 1
frameType = AnchorPointFrame
frameType = PositionFrame
frameType = ScaleFrame
frameType = RotationSkewFrame
frameType = VisibleFrame
visible = 1
frameType = AnchorPointFrame
frameType = PositionFrame
frameType = ScaleFrame
frameType = RotationSkewFrame
frameType = VisibleFrame
visible = 1
frameType = AnchorPointFrame
frameType = PositionFrame
frameType = ScaleFrame
frameType = RotationSkewFrame
frameType = VisibleFrame
visible = 1
frameType = AnchorPointFrame
frameType = PositionFrame
frameType = ScaleFrame
frameType = RotationSkewFrame
frameType = VisibleFrame
visible = 1
frameType = AnchorPointFrame
frameType = PositionFrame
frameType = ScaleFrame
frameType = RotationSkewFrame
frameType = VisibleFrame
visible = 1
frameType = AnchorPointFrame
frameType = PositionFrame
frameType = ScaleFrame
frameType = RotationSkewFrame
frameType = VisibleFrame
visible = 1
frameType = AnchorPointFrame
frameType = PositionFrame
frameType = ScaleFrame
frameType = RotationSkewFrame
frameType = VisibleFrame
visible = 1
frameType = AnchorPointFrame
frameType = PositionFrame
frameType = ScaleFrame
frameType = RotationSkewFrame
frameType = VisibleFrame
visible = 0
visible = 1
visible = 0
frameType = AnchorPointFrame
frameType = PositionFrame
frameType = ScaleFrame
frameType = RotationSkewFrame
frameType = VisibleFrame
visible = 1
visible = 0
visible = 1
visible = 0
visible = 1
frameType = AnchorPointFrame
frameType = PositionFrame
frameType = ScaleFrame
frameType = RotationSkewFrame
frameType = VisibleFrame
visible = 0
visible = 1
visible = 0
frameType = AnchorPointFrame
frameType = PositionFrame
frameType = ScaleFrame
frameType = RotationSkewFrame
frameType = VisibleFrame
visible = 0
visible = 1
visible = 0
frameType = AnchorPointFrame
frameType = PositionFrame
frameType = ScaleFrame
frameType = RotationSkewFrame
frameType = VisibleFrame
visible = 0
visible = 1
visible = 0
frameType = AnchorPointFrame
frameType = PositionFrame
frameType = ScaleFrame
frameType = RotationSkewFrame
frameType = VisibleFrame
visible = 0
visible = 1
visible = 0
visible = 1
visible = 0
frameType = AnchorPointFrame
frameType = PositionFrame
frameType = ScaleFrame
frameType = RotationSkewFrame
frameType = VisibleFrame
visible = 0
visible = 1
visible = 0
frameType = AnchorPointFrame
frameType = VisibleFrame
visible = 0
visible = 1
visible = 0
frameType = AnchorPointFrame
frameType = VisibleFrame
visible = 0
visible = 1
visible = 0
frameType = AnchorPointFrame
frameType = PositionFrame
frameType = ScaleFrame
frameType = RotationSkewFrame
frameType = VisibleFrame
visible = 0
visible = 1
visible = 0
frameType = AnchorPointFrame
frameType = VisibleFrame
visible = 0
visible = 1
visible = 0
frameType = AnchorPointFrame
frameType = VisibleFrame
visible = 0
visible = 1
visible = 0
frameType = AnchorPointFrame
frameType = VisibleFrame
visible = 0
visible = 1
visible = 0
frameType = AnchorPointFrame
frameType = VisibleFrame
visible = 0
visible = 1
visible = 0
frameType = AnchorPointFrame
frameType = VisibleFrame
visible = 0
visible = 1
visible = 0
frameType = AnchorPointFrame
frameType = PositionFrame
frameType = ScaleFrame
frameType = RotationSkewFrame
frameType = VisibleFrame
visible = 0
visible = 1
visible = 0
frameType = AnchorPointFrame
frameType = VisibleFrame
visible = 0
visible = 1
visible = 0
frameType = AnchorPointFrame
frameType = VisibleFrame
visible = 0
visible = 1
visible = 0
frameType = AnchorPointFrame
frameType = VisibleFrame
visible = 0
visible = 1
visible = 0
frameType = AnchorPointFrame
frameType = VisibleFrame
visible = 0
visible = 1
visible = 0
frameType = AnchorPointFrame
frameType = PositionFrame
frameType = ScaleFrame
frameType = RotationSkewFrame
frameType = VisibleFrame
visible = 0
visible = 1
visible = 0
frameType = AnchorPointFrame
frameType = VisibleFrame
visible = 0
visible = 1
visible = 0
frameType = AnchorPointFrame
frameType = VisibleFrame
visible = 0
visible = 1
visible = 0
frameType = AnchorPointFrame
frameType = VisibleFrame
visible = 0
visible = 1
visible = 0
frameType = AnchorPointFrame
frameType = VisibleFrame
visible = 0
visible = 1
visible = 0
frameType = AnchorPointFrame
frameType = PositionFrame
frameType = ScaleFrame
frameType = RotationSkewFrame
frameType = VisibleFrame
visible = 0
visible = 1
visible = 0
frameType = AnchorPointFrame
frameType = VisibleFrame
visible = 0
visible = 1
visible = 0
frameType = AnchorPointFrame
frameType = VisibleFrame
visible = 0
visible = 1
visible = 0
frameType = AnchorPointFrame
frameType = VisibleFrame
visible = 0
visible = 1
visible = 0
frameType = AnchorPointFrame
frameType = VisibleFrame
visible = 0
visible = 1
visible = 0
frameType = AnchorPointFrame
frameType = VisibleFrame
visible = 0
visible = 1
visible = 0
frameType = AnchorPointFrame
frameType = PositionFrame
frameType = ScaleFrame
frameType = RotationSkewFrame
size = 0
child = 0x7f8b8dc4c5a0
classname = Sprite
size = 2
classname = TextAtlas
callBackName  cannot be found
size = 0
child = 0x7f8b8c881c00
classname = LoadingBar
callBackName  cannot be found
size = 1
classname = TextAtlas
callBackName  cannot be found
size = 0
child = 0x7f8b8c890600
child = 0x7f8b8c88f400
child = 0x7f8b8c881600
child = 0x7f8b8c87ea00
classname = Panel
callBackName  cannot be found
size = 2
classname = ProjectNode
filePath = jones.csb
textureSize = 0
classname = Node
size = 19
classname = SingleNode
size = 1
classname = Sprite
size = 0
child = 0x7f8b8b8e6000
child = 0x7f8b8dc4ea50
classname = SingleNode
size = 1
classname = Sprite
size = 0
child = 0x7f8b8c124000
child = 0x7f8b8b5abf70
classname = SingleNode
size = 1
classname = Sprite
size = 0
child = 0x7f8b8b99da00
child = 0x7f8b8dc4edf0
classname = SingleNode
size = 1
classname = Sprite
size = 0
child = 0x7f8b8d104e00
child = 0x7f8b8b66e860
classname = SingleNode
size = 1
classname = Sprite
size = 0
child = 0x7f8b8d123000
child = 0x7f8b8b66bee0
classname = SingleNode
size = 1
classname = Sprite
size = 0
child = 0x7f8b8b99e800
child = 0x7f8b8dc4f120
classname = SingleNode
size = 1
classname = Sprite
size = 0
child = 0x7f8b8b8e6600
child = 0x7f8b8dc4f450
classname = SingleNode
size = 1
classname = Sprite
size = 0
child = 0x7f8b8b8e6c00
child = 0x7f8b8dc4f7d0
classname = SingleNode
size = 1
classname = Sprite
size = 0
child = 0x7f8b8c124600
child = 0x7f8b8b5ac3c0
classname = SingleNode
size = 1
classname = Sprite
size = 0
child = 0x7f8b8b8e7200
child = 0x7f8b8dc4fb00
classname = SingleNode
size = 1
classname = Sprite
size = 0
child = 0x7f8b8b9ef200
child = 0x7f8b8dc4fe30
classname = SingleNode
size = 1
classname = Sprite
size = 0
child = 0x7f8b8c148a00
child = 0x7f8b8b5ac6f0
classname = SingleNode
size = 1
classname = Sprite
size = 0
child = 0x7f8b8c149000
child = 0x7f8b8b5aca20
classname = SingleNode
size = 15
classname = Sprite
size = 0
child = 0x7f8b8b9ef800
classname = Sprite
size = 0
child = 0x7f8b8c146c00
classname = Sprite
size = 0
child = 0x7f8b8c147200
classname = Sprite
size = 0
child = 0x7f8b8c147800
classname = Sprite
size = 0
child = 0x7f8b8c147e00
classname = Sprite
size = 0
child = 0x7f8b8c148400
classname = Sprite
size = 0
child = 0x7f8b8c11ae00
classname = Sprite
size = 0
child = 0x7f8b8c11b400
classname = Sprite
size = 0
child = 0x7f8b8c11ba00
classname = Sprite
size = 0
child = 0x7f8b8c11c000
classname = Sprite
size = 0
child = 0x7f8b8c11c600
classname = Sprite
size = 0
child = 0x7f8b8c1b3e00
classname = Sprite
size = 0
child = 0x7f8b8c1b4400
classname = Sprite
size = 0
child = 0x7f8b8c1b4a00
classname = Sprite
size = 0
child = 0x7f8b8c1b5000
child = 0x7f8b8dc501b0
classname = SingleNode
size = 3
classname = Sprite
size = 0
child = 0x7f8b8c1b5600
classname = Sprite
size = 0
child = 0x7f8b8b9c3e00
classname = Sprite
size = 0
child = 0x7f8b8c1b5c00
child = 0x7f8b8b5acd50
classname = SingleNode
size = 1
classname = Sprite
size = 0
child = 0x7f8b8c1b6200
child = 0x7f8b8b5ad080
classname = SingleNode
size = 13
classname = Sprite
size = 0
child = 0x7f8b8c1ec000
classname = Sprite
size = 0
child = 0x7f8b8b9c4400
classname = Sprite
size = 0
child = 0x7f8b8b9c2e00
classname = Sprite
size = 0
child = 0x7f8b8d103800
classname = Sprite
size = 0
child = 0x7f8b8b9c3400
classname = Sprite
size = 0
child = 0x7f8b8b908200
classname = Sprite
size = 0
child = 0x7f8b8b908800
classname = Sprite
size = 0
child = 0x7f8b8b908e00
classname = Sprite
size = 0
child = 0x7f8b8d103e00
classname = Sprite
size = 0
child = 0x7f8b8b909400
classname = Sprite
size = 0
child = 0x7f8b8b943200
classname = Sprite
size = 0
child = 0x7f8b8b943800
classname = Sprite
size = 0
child = 0x7f8b8c84ec00
child = 0x7f8b8b5ad3b0
classname = SingleNode
size = 4
classname = Sprite
size = 0
child = 0x7f8b8b943e00
classname = Sprite
size = 0
child = 0x7f8b8b986200
classname = Sprite
size = 0
child = 0x7f8b8c1ec600
classname = Sprite
size = 0
child = 0x7f8b8c1f1e00
child = 0x7f8b8dc504e0
classname = SingleNode
size = 0
child = 0x7f8b8dc50b20
frameType = VisibleFrame
visible = 1
frameType = AnchorPointFrame
frameType = PositionFrame
frameType = ScaleFrame
frameType = RotationSkewFrame
frameType = VisibleFrame
visible = 1
visible = 0
visible = 1
visible = 0
visible = 1
visible = 0
visible = 1
visible = 0
visible = 1
frameType = AnchorPointFrame
frameType = PositionFrame
frameType = ScaleFrame
frameType = RotationSkewFrame
frameType = VisibleFrame
visible = 1
frameType = AnchorPointFrame
frameType = PositionFrame
frameType = ScaleFrame
frameType = RotationSkewFrame
frameType = VisibleFrame
visible = 1
frameType = AnchorPointFrame
frameType = PositionFrame
frameType = ScaleFrame
frameType = RotationSkewFrame
frameType = VisibleFrame
visible = 1
frameType = AnchorPointFrame
frameType = PositionFrame
frameType = ScaleFrame
frameType = RotationSkewFrame
frameType = VisibleFrame
visible = 1
frameType = AnchorPointFrame
frameType = PositionFrame
frameType = ScaleFrame
frameType = RotationSkewFrame
frameType = VisibleFrame
visible = 1
frameType = AnchorPointFrame
frameType = PositionFrame
frameType = ScaleFrame
frameType = RotationSkewFrame
frameType = VisibleFrame
visible = 1
frameType = AnchorPointFrame
frameType = PositionFrame
frameType = ScaleFrame
frameType = RotationSkewFrame
frameType = VisibleFrame
visible = 1
frameType = AnchorPointFrame
frameType = PositionFrame
frameType = ScaleFrame
frameType = RotationSkewFrame
frameType = VisibleFrame
visible = 1
visible = 0
visible = 1
visible = 0
frameType = AnchorPointFrame
frameType = PositionFrame
frameType = ScaleFrame
frameType = RotationSkewFrame
frameType = VisibleFrame
visible = 0
visible = 1
visible = 0
visible = 1
frameType = AnchorPointFrame
frameType = PositionFrame
frameType = ScaleFrame
frameType = RotationSkewFrame
frameType = VisibleFrame
visible = 0
visible = 1
visible = 0
visible = 1
visible = 0
visible = 1
visible = 0
visible = 1
visible = 0
frameType = AnchorPointFrame
frameType = PositionFrame
frameType = ScaleFrame
frameType = RotationSkewFrame
frameType = VisibleFrame
visible = 1
visible = 0
visible = 1
visible = 0
visible = 1
visible = 0
visible = 1
visible = 0
visible = 1
frameType = AnchorPointFrame
frameType = PositionFrame
frameType = ScaleFrame
frameType = RotationSkewFrame
frameType = VisibleFrame
visible = 0
visible = 1
visible = 0
frameType = VisibleFrame
visible = 0
visible = 1
visible = 0
frameType = VisibleFrame
visible = 0
visible = 1
visible = 0
frameType = VisibleFrame
visible = 0
visible = 1
visible = 0
frameType = VisibleFrame
visible = 0
visible = 1
visible = 0
frameType = VisibleFrame
visible = 0
visible = 1
visible = 0
frameType = VisibleFrame
visible = 0
visible = 1
visible = 0
frameType = VisibleFrame
visible = 0
visible = 1
visible = 0
frameType = VisibleFrame
visible = 0
visible = 1
visible = 0
frameType = VisibleFrame
visible = 0
visible = 1
visible = 0
frameType = VisibleFrame
visible = 0
visible = 1
visible = 0
frameType = VisibleFrame
visible = 0
visible = 1
visible = 0
frameType = VisibleFrame
visible = 0
visible = 1
visible = 0
frameType = VisibleFrame
visible = 0
visible = 1
visible = 0
frameType = VisibleFrame
visible = 0
visible = 1
visible = 0
frameType = PositionFrame
frameType = ScaleFrame
frameType = RotationSkewFrame
frameType = VisibleFrame
visible = 0
visible = 1
visible = 0
frameType = AnchorPointFrame
frameType = VisibleFrame
visible = 0
visible = 1
visible = 0
frameType = AnchorPointFrame
frameType = VisibleFrame
visible = 0
visible = 1
visible = 0
frameType = AnchorPointFrame
frameType = PositionFrame
frameType = ScaleFrame
frameType = RotationSkewFrame
frameType = VisibleFrame
visible = 0
visible = 1
visible = 0
visible = 1
visible = 0
visible = 1
visible = 0
visible = 1
visible = 0
frameType = AnchorPointFrame
frameType = PositionFrame
frameType = ScaleFrame
frameType = RotationSkewFrame
frameType = VisibleFrame
visible = 0
visible = 1
visible = 0
frameType = AnchorPointFrame
frameType = VisibleFrame
visible = 0
visible = 1
visible = 0
frameType = AnchorPointFrame
frameType = VisibleFrame
visible = 0
visible = 1
visible = 0
frameType = AnchorPointFrame
frameType = VisibleFrame
visible = 0
visible = 1
visible = 0
frameType = AnchorPointFrame
frameType = VisibleFrame
visible = 0
visible = 1
visible = 0
frameType = AnchorPointFrame
frameType = VisibleFrame
visible = 0
visible = 1
visible = 0
frameType = AnchorPointFrame
frameType = VisibleFrame
visible = 0
visible = 1
visible = 0
frameType = AnchorPointFrame
frameType = VisibleFrame
visible = 0
visible = 1
visible = 0
frameType = AnchorPointFrame
frameType = VisibleFrame
visible = 0
visible = 1
visible = 0
frameType = AnchorPointFrame
frameType = VisibleFrame
visible = 0
visible = 1
visible = 0
frameType = AnchorPointFrame
frameType = VisibleFrame
visible = 0
visible = 1
visible = 0
frameType = AnchorPointFrame
frameType = VisibleFrame
visible = 0
visible = 1
visible = 0
frameType = AnchorPointFrame
frameType = VisibleFrame
visible = 0
visible = 1
frameType = AnchorPointFrame
frameType = PositionFrame
frameType = ScaleFrame
frameType = RotationSkewFrame
frameType = VisibleFrame
visible = 1
visible = 0
visible = 1
visible = 0
visible = 1
visible = 0
visible = 1
visible = 0
visible = 1
visible = 0
visible = 1
visible = 0
visible = 1
frameType = AnchorPointFrame
frameType = VisibleFrame
visible = 0
visible = 1
visible = 0
visible = 1
visible = 0
visible = 1
visible = 0
visible = 1
visible = 0
visible = 1
visible = 0
visible = 1
visible = 0
visible = 1
visible = 0
visible = 1
visible = 0
frameType = AnchorPointFrame
frameType = VisibleFrame
visible = 0
visible = 1
visible = 0
visible = 1
visible = 0
visible = 1
visible = 0
visible = 1
visible = 0
visible = 1
visible = 0
visible = 1
visible = 0
visible = 1
visible = 0
visible = 1
visible = 0
frameType = AnchorPointFrame
frameType = VisibleFrame
visible = 0
visible = 1
visible = 0
visible = 1
visible = 0
visible = 1
visible = 0
visible = 1
visible = 0
visible = 1
visible = 0
visible = 1
visible = 0
visible = 1
visible = 0
frameType = AnchorPointFrame
frameType = PositionFrame
frameType = ScaleFrame
frameType = RotationSkewFrame
size = 0
child = 0x7f8b8dc4e720
classname = Sprite
size = 2
classname = TextAtlas
callBackName  cannot be found
size = 0
child = 0x7f8b8b944a00
classname = LoadingBar
callBackName  cannot be found
size = 1
classname = TextAtlas
callBackName  cannot be found
size = 0
child = 0x7f8b8b998c00
child = 0x7f8b8b997a00
child = 0x7f8b8b944400
child = 0x7f8b8c84de00
classname = Panel
callBackName  cannot be found
size = 2
classname = ProjectNode
filePath = pharaoh.csb
textureSize = 0
classname = Node
size = 17
classname = SingleNode
size = 1
classname = Sprite
size = 0
child = 0x7f8b8d116e00
child = 0x7f8b8b67a1f0
classname = SingleNode
size = 1
classname = Sprite
size = 0
child = 0x7f8b8b9bd200
child = 0x7f8b8dc510e0
classname = SingleNode
size = 1
classname = Sprite
size = 0
child = 0x7f8b8b9bd800
child = 0x7f8b8dc51410
classname = SingleNode
size = 1
classname = Sprite
size = 0
child = 0x7f8b8b9e3200
child = 0x7f8b8dc51740
classname = SingleNode
size = 1
classname = Sprite
size = 0
child = 0x7f8b8c1ff200
child = 0x7f8b8b5ad6e0
classname = SingleNode
size = 1
classname = Sprite
size = 0
child = 0x7f8b8d115e00
child = 0x7f8b8b67a520
classname = SingleNode
size = 1
classname = Sprite
size = 0
child = 0x7f8b8c1ff800
child = 0x7f8b8b5ada10
classname = SingleNode
size = 1
classname = Sprite
size = 0
child = 0x7f8b8c1ecc00
child = 0x7f8b8b5add40
classname = SingleNode
size = 1
classname = Sprite
size = 0
child = 0x7f8b8c1ed200
child = 0x7f8b8b5ae070
classname = SingleNode
size = 1
classname = Sprite
size = 0
child = 0x7f8b8c1ee800
child = 0x7f8b8b5ae3a0
classname = SingleNode
size = 1
classname = Sprite
size = 0
child = 0x7f8b8d116400
child = 0x7f8b8b67a850
classname = SingleNode
size = 1
classname = Sprite
size = 0
child = 0x7f8b8c1eee00
child = 0x7f8b8b5ae6d0
classname = SingleNode
size = 4
classname = Sprite
size = 0
child = 0x7f8b8c1ed800
classname = Sprite
size = 0
child = 0x7f8b8b9e3800
classname = Sprite
size = 0
child = 0x7f8b8b9e3e00
classname = Sprite
size = 0
child = 0x7f8b8d151400
child = 0x7f8b8b5aea00
classname = SingleNode
size = 7
classname = Sprite
size = 0
child = 0x7f8b8c1ede00
classname = Sprite
size = 0
child = 0x7f8b8b9e2000
classname = Sprite
size = 0
child = 0x7f8b8c850200
classname = Sprite
size = 0
child = 0x7f8b8b9e2600
classname = Sprite
size = 0
child = 0x7f8b8b9e2c00
classname = Sprite
size = 0
child = 0x7f8b8c1ffe00
classname = Sprite
size = 0
child = 0x7f8b8b9e0000
child = 0x7f8b8b5aed30
classname = SingleNode
size = 1
classname = Sprite
size = 0
child = 0x7f8b8b9e0600
child = 0x7f8b8dc51a70
classname = SingleNode
size = 1
classname = Sprite
size = 0
child = 0x7f8b8d151a00
child = 0x7f8b8b67fbd0
classname = SingleNode
size = 0
child = 0x7f8b8b5af060
frameType = VisibleFrame
visible = 1
frameType = AnchorPointFrame
frameType = PositionFrame
frameType = ScaleFrame
frameType = RotationSkewFrame
frameType = VisibleFrame
visible = 1
frameType = AnchorPointFrame
frameType = PositionFrame
frameType = ScaleFrame
frameType = RotationSkewFrame
frameType = VisibleFrame
visible = 1
frameType = AnchorPointFrame
frameType = PositionFrame
frameType = ScaleFrame
frameType = RotationSkewFrame
frameType = VisibleFrame
visible = 1
frameType = AnchorPointFrame
frameType = PositionFrame
frameType = ScaleFrame
frameType = RotationSkewFrame
frameType = VisibleFrame
visible = 1
frameType = AnchorPointFrame
frameType = PositionFrame
frameType = ScaleFrame
frameType = RotationSkewFrame
frameType = VisibleFrame
visible = 1
frameType = AnchorPointFrame
frameType = PositionFrame
frameType = ScaleFrame
frameType = RotationSkewFrame
frameType = VisibleFrame
visible = 1
frameType = AnchorPointFrame
frameType = PositionFrame
frameType = ScaleFrame
frameType = RotationSkewFrame
frameType = VisibleFrame
visible = 1
frameType = AnchorPointFrame
frameType = PositionFrame
frameType = ScaleFrame
frameType = RotationSkewFrame
frameType = VisibleFrame
visible = 1
frameType = AnchorPointFrame
frameType = PositionFrame
frameType = ScaleFrame
frameType = RotationSkewFrame
frameType = VisibleFrame
visible = 1
frameType = AnchorPointFrame
frameType = PositionFrame
frameType = ScaleFrame
frameType = RotationSkewFrame
frameType = VisibleFrame
visible = 1
frameType = AnchorPointFrame
frameType = PositionFrame
frameType = ScaleFrame
frameType = RotationSkewFrame
frameType = VisibleFrame
visible = 1
frameType = AnchorPointFrame
frameType = PositionFrame
frameType = ScaleFrame
frameType = RotationSkewFrame
frameType = VisibleFrame
visible = 0
visible = 1
visible = 0
frameType = AnchorPointFrame
frameType = VisibleFrame
visible = 0
visible = 1
visible = 0
frameType = AnchorPointFrame
frameType = VisibleFrame
visible = 0
visible = 1
visible = 0
frameType = AnchorPointFrame
frameType = VisibleFrame
visible = 0
visible = 1
visible = 0
frameType = AnchorPointFrame
frameType = PositionFrame
frameType = ScaleFrame
frameType = RotationSkewFrame
frameType = VisibleFrame
visible = 0
visible = 1
visible = 0
frameType = AnchorPointFrame
frameType = VisibleFrame
visible = 0
visible = 1
visible = 0
frameType = AnchorPointFrame
frameType = VisibleFrame
visible = 0
visible = 1
visible = 0
frameType = AnchorPointFrame
frameType = VisibleFrame
visible = 0
visible = 1
visible = 0
frameType = AnchorPointFrame
frameType = VisibleFrame
visible = 0
visible = 1
visible = 0
frameType = AnchorPointFrame
frameType = VisibleFrame
visible = 0
visible = 1
visible = 0
frameType = AnchorPointFrame
frameType = VisibleFrame
visible = 0
visible = 1
visible = 0
frameType = AnchorPointFrame
frameType = PositionFrame
frameType = ScaleFrame
frameType = RotationSkewFrame
frameType = VisibleFrame
visible = 0
visible = 1
visible = 0
frameType = AnchorPointFrame
frameType = PositionFrame
frameType = ScaleFrame
frameType = RotationSkewFrame
frameType = VisibleFrame
visible = 0
visible = 1
visible = 0
frameType = AnchorPointFrame
frameType = PositionFrame
frameType = ScaleFrame
frameType = RotationSkewFrame
size = 0
child = 0x7f8b8b66b4a0
classname = Sprite
size = 2
classname = TextAtlas
callBackName  cannot be found
size = 0
child = 0x7f8b8c84f800
classname = LoadingBar
callBackName  cannot be found
size = 1
classname = TextAtlas
callBackName  cannot be found
size = 0
child = 0x7f8b8c850e00
child = 0x7f8b8c8ea400
child = 0x7f8b8c84f200
child = 0x7f8b8b9bc400
classname = Panel
callBackName  cannot be found
size = 2
classname = ProjectNode
filePath = cat_queen.csb
textureSize = 0
classname = Node
size = 21
classname = SingleNode
size = 1
classname = Sprite
size = 0
child = 0x7f8b8c200400
child = 0x7f8b8b5af720
classname = SingleNode
size = 1
classname = Sprite
size = 0
child = 0x7f8b8b985a00
child = 0x7f8b8dc51da0
classname = SingleNode
size = 1
classname = Sprite
size = 0
child = 0x7f8b8c200a00
child = 0x7f8b8b5afa50
classname = SingleNode
size = 1
classname = Sprite
size = 0
child = 0x7f8b8c1f4200
child = 0x7f8b8b5afd80
classname = SingleNode
size = 1
classname = Sprite
size = 0
child = 0x7f8b8ba02600
child = 0x7f8b8dc520d0
classname = SingleNode
size = 1
classname = Sprite
size = 0
child = 0x7f8b8c1f3200
child = 0x7f8b8b5b00b0
classname = SingleNode
size = 1
classname = Sprite
size = 0
child = 0x7f8b8c1f3800
child = 0x7f8b8b5b03e0
classname = SingleNode
size = 1
classname = Sprite
size = 0
child = 0x7f8b8c1f4800
child = 0x7f8b8b5b0710
classname = SingleNode
size = 1
classname = Sprite
size = 0
child = 0x7f8b8ba01400
child = 0x7f8b8dc52400
classname = SingleNode
size = 1
classname = Sprite
size = 0
child = 0x7f8b8c8b1a00
child = 0x7f8b8b729170
classname = SingleNode
size = 1
classname = Sprite
size = 0
child = 0x7f8b8c1f4e00
child = 0x7f8b8b5b0a40
classname = SingleNode
size = 1
classname = Sprite
size = 0
child = 0x7f8b8d152000
child = 0x7f8b8b67ff00
classname = SingleNode
size = 13
classname = Sprite
size = 0
child = 0x7f8b8ba01a00
classname = Sprite
size = 0
child = 0x7f8b8c8b2000
classname = Sprite
size = 0
child = 0x7f8b8c1fe400
classname = Sprite
size = 0
child = 0x7f8b8c1fea00
classname = Sprite
size = 0
child = 0x7f8b8ba02000
classname = Sprite
size = 0
child = 0x7f8b8d150400
classname = Sprite
size = 0
child = 0x7f8b8c1f6c00
classname = Sprite
size = 0
child = 0x7f8b8c1f5c00
classname = Sprite
size = 0
child = 0x7f8b8c8b0a00
classname = Sprite
size = 0
child = 0x7f8b8c1f8200
classname = Sprite
size = 0
child = 0x7f8b8ba02c00
classname = Sprite
size = 0
child = 0x7f8b8c1f7200
classname = Sprite
size = 0
child = 0x7f8b8ba03200
child = 0x7f8b8dc52730
classname = SingleNode
size = 1
classname = Sprite
size = 0
child = 0x7f8b8d150a00
child = 0x7f8b8b6830c0
classname = SingleNode
size = 1
classname = Sprite
size = 0
child = 0x7f8b8ba03800
child = 0x7f8b8dc52a60
classname = SingleNode
size = 1
classname = Sprite
size = 0
child = 0x7f8b8c1fde00
child = 0x7f8b8b5b0d70
classname = SingleNode
size = 3
classname = Sprite
size = 0
child = 0x7f8b8c1f7800
classname = Sprite
size = 0
child = 0x7f8b8b9b1200
classname = Sprite
size = 0
child = 0x7f8b8ba03e00
child = 0x7f8b8b5b10a0
classname = SingleNode
size = 1
classname = Sprite
size = 0
child = 0x7f8b8ba04400
child = 0x7f8b8dc52d90
classname = SingleNode
size = 1
classname = Sprite
size = 0
child = 0x7f8b8c1f8800
child = 0x7f8b8b5b1430
classname = SingleNode
size = 4
classname = Sprite
size = 0
child = 0x7f8b8ba04a00
classname = Sprite
size = 0
child = 0x7f8b8d152600
classname = Sprite
size = 0
child = 0x7f8b8c1f9e00
classname = Sprite
size = 0
child = 0x7f8b8c1fa400
child = 0x7f8b8dc530c0
classname = SingleNode
size = 0
child = 0x7f8b8dc533f0
frameType = VisibleFrame
visible = 0
visible = 1
frameType = AnchorPointFrame
frameType = PositionFrame
frameType = ScaleFrame
frameType = RotationSkewFrame
frameType = VisibleFrame
visible = 1
frameType = AnchorPointFrame
frameType = PositionFrame
frameType = ScaleFrame
frameType = RotationSkewFrame
frameType = VisibleFrame
visible = 1
frameType = AnchorPointFrame
frameType = PositionFrame
frameType = ScaleFrame
frameType = RotationSkewFrame
frameType = VisibleFrame
visible = 1
frameType = AnchorPointFrame
frameType = PositionFrame
frameType = ScaleFrame
frameType = RotationSkewFrame
frameType = VisibleFrame
visible = 1
frameType = AnchorPointFrame
frameType = PositionFrame
frameType = ScaleFrame
frameType = RotationSkewFrame
frameType = VisibleFrame
visible = 1
frameType = AnchorPointFrame
frameType = PositionFrame
frameType = ScaleFrame
frameType = RotationSkewFrame
frameType = VisibleFrame
visible = 1
frameType = AnchorPointFrame
frameType = PositionFrame
frameType = ScaleFrame
frameType = RotationSkewFrame
frameType = VisibleFrame
visible = 1
frameType = AnchorPointFrame
frameType = PositionFrame
frameType = ScaleFrame
frameType = RotationSkewFrame
frameType = VisibleFrame
visible = 1
frameType = AnchorPointFrame
frameType = PositionFrame
frameType = ScaleFrame
frameType = RotationSkewFrame
frameType = VisibleFrame
visible = 1
frameType = AnchorPointFrame
frameType = PositionFrame
frameType = ScaleFrame
frameType = RotationSkewFrame
frameType = VisibleFrame
visible = 1
frameType = AnchorPointFrame
frameType = PositionFrame
frameType = ScaleFrame
frameType = RotationSkewFrame
frameType = VisibleFrame
visible = 1
frameType = AnchorPointFrame
frameType = PositionFrame
frameType = ScaleFrame
frameType = RotationSkewFrame
frameType = VisibleFrame
visible = 0
visible = 1
visible = 0
frameType = AnchorPointFrame
frameType = VisibleFrame
visible = 0
visible = 1
visible = 0
frameType = AnchorPointFrame
frameType = VisibleFrame
visible = 0
visible = 1
visible = 0
frameType = AnchorPointFrame
frameType = VisibleFrame
visible = 0
visible = 1
visible = 0
frameType = AnchorPointFrame
frameType = VisibleFrame
visible = 0
visible = 1
visible = 0
frameType = AnchorPointFrame
frameType = VisibleFrame
visible = 0
visible = 1
visible = 0
frameType = AnchorPointFrame
frameType = VisibleFrame
visible = 0
visible = 1
visible = 0
frameType = AnchorPointFrame
frameType = VisibleFrame
visible = 0
visible = 1
visible = 0
frameType = AnchorPointFrame
frameType = VisibleFrame
visible = 0
visible = 1
visible = 0
frameType = AnchorPointFrame
frameType = VisibleFrame
visible = 0
visible = 1
visible = 0
frameType = AnchorPointFrame
frameType = VisibleFrame
visible = 0
visible = 1
visible = 0
frameType = AnchorPointFrame
frameType = VisibleFrame
visible = 0
visible = 1
visible = 0
frameType = AnchorPointFrame
frameType = VisibleFrame
visible = 0
visible = 1
visible = 0
frameType = AnchorPointFrame
frameType = PositionFrame
frameType = ScaleFrame
frameType = RotationSkewFrame
frameType = VisibleFrame
visible = 0
visible = 1
frameType = AnchorPointFrame
frameType = PositionFrame
frameType = ScaleFrame
frameType = RotationSkewFrame
frameType = VisibleFrame
visible = 0
visible = 1
frameType = AnchorPointFrame
frameType = PositionFrame
frameType = ScaleFrame
frameType = RotationSkewFrame
frameType = VisibleFrame
visible = 0
visible = 1
frameType = AnchorPointFrame
frameType = PositionFrame
frameType = ScaleFrame
frameType = RotationSkewFrame
frameType = VisibleFrame
visible = 0
visible = 1
visible = 0
frameType = AnchorPointFrame
frameType = VisibleFrame
visible = 0
visible = 1
visible = 0
frameType = AnchorPointFrame
frameType = VisibleFrame
visible = 0
visible = 1
visible = 0
frameType = AnchorPointFrame
frameType = PositionFrame
frameType = ScaleFrame
frameType = RotationSkewFrame
frameType = VisibleFrame
visible = 0
visible = 1
visible = 0
frameType = AnchorPointFrame
frameType = PositionFrame
frameType = ScaleFrame
frameType = RotationSkewFrame
frameType = VisibleFrame
visible = 0
visible = 1
visible = 0
frameType = AnchorPointFrame
frameType = PositionFrame
frameType = ScaleFrame
frameType = RotationSkewFrame
frameType = VisibleFrame
visible = 0
visible = 1
visible = 0
frameType = AnchorPointFrame
frameType = VisibleFrame
visible = 0
visible = 1
visible = 0
frameType = AnchorPointFrame
frameType = VisibleFrame
visible = 0
visible = 1
visible = 0
frameType = AnchorPointFrame
frameType = VisibleFrame
visible = 0
visible = 1
visible = 0
frameType = AnchorPointFrame
frameType = PositionFrame
frameType = ScaleFrame
frameType = RotationSkewFrame
size = 0
child = 0x7f8b8b5af390
classname = Sprite
size = 2
classname = TextAtlas
callBackName  cannot be found
size = 0
child = 0x7f8b8c1fb200
classname = LoadingBar
callBackName  cannot be found
size = 1
classname = TextAtlas
callBackName  cannot be found
size = 0
child = 0x7f8b8c1c6800
child = 0x7f8b8c1fd200
child = 0x7f8b8c1f9600
child = 0x7f8b8c8afc00
child = 0x7f8b8c167600
child = 0x7f8b8c166800
child = 0x7f8b8c0bce00
size = 0
child = 0x7f8b8b5a5b00
cocos2d: padding: 0,0,0,0
cocos2d: padding: 0,0,0,0
cocos2d: padding: 0,0,0,0
cocos2d: padding: 0,0,0,0
filename == DemoLogin.ExportJson
cocos2d: padding: 0,0,0,0
cocos2d: padding: 0,0,0,0
filename == DemoMap.ExportJson
cocos2d: padding: 0,0,0,0
libpng warning: iCCP: known incorrect sRGB profile
cocos2d: padding: 0,0,0,0
cocos2d: padding: 0,0,0,0
cocos2d: padding: 0,0,0,0
filename == DemoShop.ExportJson
classname = CCScene
classname = CCBackgroundAudio
classname = CCSprite
classname = CCArmature
classname = CCArmature
classname = GUIComponent
filename == FightScene_1.ExportJson
classname = CCParticleSystemQuad
classname = CCSprite
classname = CCSprite
1.0.0.0
classname = CCScene
classname = CCBackgroundAudio
classname = CCSprite
classname = CCSprite
classname = CCSprite
classname = CCSprite
classname = CCSprite
classname = CCSprite
classname = CCSprite
classname = CCSprite
classname = CCSprite
classname = CCSprite
classname = CCSprite
classname = CCSprite
classname = CCSprite
classname = CCSprite
classname = CCSprite
classname = CCSprite
classname = CCSprite
classname = CCSprite
classname = CCSprite
classname = CCSprite
classname = CCSprite
classname = CCSprite
classname = CCSprite
classname = CCSprite
classname = CCSprite
classname = CCSprite
classname = CCParticleSystemQuad
Get data from file(/Users/mac/design/cocos2d-x/quick-3.3/quick/samples/ccsloader/res/GameRPG/particle/particleTexture.png) failed!
libpng warning: iCCP: profile 'ICC Profile': 1000000h: invalid rendering intent
1.0.0.0
