
{
	gl.supports_vertex_array_object: true
	cocos2d.x.version: quick-cocos2d-x 3.3
	gl.vendor: Intel Inc.
	gl.supports_PVRTC: false
	gl.renderer: Intel HD Graphics 3000 OpenGL Engine
	cocos2d.x.compiled_with_profiler: false
	gl.max_texture_size: 8192
	gl.supports_ETC1: false
	gl.supports_BGRA8888: false
	cocos2d.x.build_type: DEBUG
	gl.supports_discard_framebuffer: false
	gl.supports_NPOT: true
	gl.supports_S3TC: true
	gl.version: 2.1 INTEL-10.0.19
	gl.supports_ATITC: false
	gl.max_texture_units: 16
	cocos2d.x.compiled_with_gl_state_cache: true
}


Quick-Cocos2d-x C++ support ready.
------------------------------------------------
LOAD LUA FILE: /Users/mac/design/cocos2d-x/quick-3.3/quick/samples/armature/src/main.lua
------------------------------------------------
[LUA-print] ===========================================================
[LUA-print]               LOAD QUICK FRAMEWORK
[LUA-print] ===========================================================
[LUA-print] [INFO] 
[LUA-print] [INFO] # DEBUG                        = 1
[LUA-print] [INFO] #
[LUA-print] [INFO] # device.platform              = mac
[LUA-print] [INFO] # device.model                 = unknown
[LUA-print] [INFO] # device.language              = cn
[LUA-print] [INFO] # device.writablePath          = /Users/mac/design/cocos2d-x/quick-3.3/quick/samples/armature/
[LUA-print] [INFO] # device.directorySeparator    = /
[LUA-print] [INFO] # device.pathSeparator         = :
[LUA-print] [INFO] #
libpng warning: iCCP: known incorrect sRGB profile
[LUA-print] [INFO] # CONFIG_SCREEN_AUTOSCALE      = FIXED_HEIGHT
[LUA-print] [INFO] # CONFIG_SCREEN_WIDTH          = 960.00
[LUA-print] [INFO] # CONFIG_SCREEN_HEIGHT         = 640.00
[LUA-print] [INFO] # display.widthInPixels        = 960.00
[LUA-print] [INFO] # display.heightInPixels       = 640.00
[LUA-print] [INFO] # display.contentScaleFactor   = 1.00
[LUA-print] [INFO] # display.width                = 960.00
[LUA-print] [INFO] # display.height               = 640.00
[LUA-print] [INFO] # display.cx                   = 480.00
[LUA-print] [INFO] # display.cy                   = 320.00
[LUA-print] [INFO] # display.left                 = 0.00
[LUA-print] [INFO] # display.right                = 960.00
[LUA-print] [INFO] # display.top                  = 640.00
[LUA-print] [INFO] # display.bottom               = 0.00
[LUA-print] [INFO] # display.c_left               = -480.00
[LUA-print] [INFO] # display.c_right              = 480.00
[LUA-print] [INFO] # display.c_top                = 320.00
[LUA-print] [INFO] # display.c_bottom             = -320.00
[LUA-print] [INFO] #
[LUA-print] 战斗加载骨胳  开始
[LUA-print] 战斗加载骨胳  完成
[LUA-print] 加载回调函数0.10000000149012
cocos2d: SpriteBatchNode: resizing TextureAtlas capacity from [30] to [41].
[LUA-print] 加载回调函数0.20000000298023
[LUA-print] 加载回调函数0.30000001192093
[LUA-print] 加载回调函数0.40000000596046
[LUA-print] 加载回调函数0.5
[LUA-print] 加载回调函数0.60000002384186
[LUA-print] 加载回调函数0.69999998807907
[LUA-print] 加载回调函数0.80000001192093
[LUA-print] 加载回调函数0.89999997615814
[LUA-print] 加载回调函数1
cocos2d: SpriteBatchNode: resizing TextureAtlas capacity from [30] to [41].
cocos2d: SpriteBatchNode: resizing TextureAtlas capacity from [41] to [56].
cocos2d: SpriteBatchNode: resizing TextureAtlas capacity from [30] to [41].
cocos2d: SpriteBatchNode: resizing TextureAtlas capacity from [30] to [41].
cocos2d: SpriteBatchNode: resizing TextureAtlas capacity from [41] to [56].
Get data from file(Particles/particleTexture.png) failed!
cocos2d: SpriteBatchNode: resizing TextureAtlas capacity from [30] to [41].
cocos2d: SpriteBatchNode: resizing TextureAtlas capacity from [30] to [41].
cocos2d: SpriteBatchNode: resizing TextureAtlas capacity from [41] to [56].
if the index doesn't exist, it is an error
touchesEnded or touchesCancel: size = 0
if the index doesn't exist, it is an error
touchesEnded or touchesCancel: size = 0
if the index doesn't exist, it is an error
touchesEnded or touchesCancel: size = 0
if the index doesn't exist, it is an error
touchesEnded or touchesCancel: size = 0
if the index doesn't exist, it is an error
touchesEnded or touchesCancel: size = 0
if the index doesn't exist, it is an error
touchesEnded or touchesCancel: size = 0
if the index doesn't exist, it is an error
touchesEnded or touchesCancel: size = 0
if the index doesn't exist, it is an error
touchesEnded or touchesCancel: size = 0
if the index doesn't exist, it is an error
touchesEnded or touchesCancel: size = 0
if the index doesn't exist, it is an error
touchesEnded or touchesCancel: size = 0
if the index doesn't exist, it is an error
touchesEnded or touchesCancel: size = 0
if the index doesn't exist, it is an error
touchesEnded or touchesCancel: size = 0
if the index doesn't exist, it is an error
touchesEnded or touchesCancel: size = 0
if the index doesn't exist, it is an error
touchesEnded or touchesCancel: size = 0
if the index doesn't exist, it is an error
touchesEnded or touchesCancel: size = 0
if the index doesn't exist, it is an error
touchesEnded or touchesCancel: size = 0
if the index doesn't exist, it is an error
touchesEnded or touchesCancel: size = 0
if the index doesn't exist, it is an error
touchesEnded or touchesCancel: size = 0
if the index doesn't exist, it is an error
touchesEnded or touchesCancel: size = 0
if the index doesn't exist, it is an error
touchesEnded or touchesCancel: size = 0
if the index doesn't exist, it is an error
touchesEnded or touchesCancel: size = 0
if the index doesn't exist, it is an error
touchesEnded or touchesCancel: size = 0
if the index doesn't exist, it is an error
touchesEnded or touchesCancel: size = 0
